# JRE version: Java(TM) SE Runtime Environment (8.0_191-b12) (build 1.8.0_191-b12)
# Java VM: Java HotSpot(TM) Client VM (25.191-b12 mixed mode windows-x86 )
Heap:
 def new generation   total 157248K, used 157248K [0x05000000, 0x0faa0000, 0x0faa0000)
  eden space 139776K, 100% used [0x05000000, 0x0d880000, 0x0d880000)
  from space 17472K, 100% used [0x0d880000, 0x0e990000, 0x0e990000)
  to   space 17472K,   0% used [0x0e990000, 0x0e990000, 0x0faa0000)
 tenured generation   total 349568K, used 349558K [0x0faa0000, 0x25000000, 0x25000000)
   the space 349568K,  99% used [0x0faa0000, 0x24ffd990, 0x24ffda00, 0x25000000)
 Metaspace       used 23454K, capacity 24085K, committed 24192K, reserved 24960K
GC Heap History (10 events):
Event: 13253.287 GC heap before
{Heap before GC invocations=1895 (full 1568):
 def new generation   total 157248K, used 157248K [0x05000000, 0x0faa0000, 0x0faa0000)
  eden space 139776K, 100% used [0x05000000, 0x0d880000, 0x0d880000)
  from space 17472K, 100% used [0x0d880000, 0x0e990000, 0x0e990000)
  to   space 17472K,   0% used [0x0e990000, 0x0e990000, 0x0faa0000)
 tenured generation   total 349568K, used 349567K [0x0faa0000, 0x25000000, 0x25000000)
   the space 349568K,  99% used [0x0faa0000, 0x24fffff0, 0x25000000, 0x25000000)
 Metaspace       used 23454K, capacity 24085K, committed 24192K, reserved 24960K
Event: 13253.399 GC heap after
Heap after GC invocations=1896 (full 1569):
 def new generation   total 157248K, used 157238K [0x05000000, 0x0faa0000, 0x0faa0000)
  eden space 139776K,  99% used [0x05000000, 0x0d87f518, 0x0d880000)
  from space 17472K,  99% used [0x0d880000, 0x0e98e6b0, 0x0e990000)
  to   space 17472K,   0% used [0x0e990000, 0x0e990000, 0x0faa0000)
 tenured generation   total 349568K, used 349567K [0x0faa0000, 0x25000000, 0x25000000)
   the space 349568K,  99% used [0x0faa0000, 0x24fffff0, 0x25000000, 0x25000000)
 Metaspace       used 23454K, capacity 24085K, committed 24192K, reserved 24960K
}
Event: 13253.399 GC heap before
{Heap before GC invocations=1896 (full 1569):
 def new generation   total 157248K, used 157247K [0x05000000, 0x0faa0000, 0x0faa0000)
  eden space 139776K, 100% used [0x05000000, 0x0d880000, 0x0d880000)
  from space 17472K,  99% used [0x0d880000, 0x0e98ff68, 0x0e990000)
  to   space 17472K,   0% used [0x0e990000, 0x0e990000, 0x0faa0000)
 tenured generation   total 349568K, used 349567K [0x0faa0000, 0x25000000, 0x25000000)
   the space 349568K,  99% used [0x0faa0000, 0x24fffff0, 0x25000000, 0x25000000)
 Metaspace       used 23454K, capacity 24085K, committed 24192K, reserved 24960K
Event: 13253.507 GC heap after
Heap after GC invocations=1897 (full 1570):
 def new generation   total 157248K, used 157239K [0x05000000, 0x0faa0000, 0x0faa0000)
  eden space 139776K,  99% used [0x05000000, 0x0d87f5d0, 0x0d880000)
  from space 17472K,  99% used [0x0d880000, 0x0e98e7f0, 0x0e990000)
  to   space 17472K,   0% used [0x0e990000, 0x0e990000, 0x0faa0000)
 tenured generation   total 349568K, used 349567K [0x0faa0000, 0x25000000, 0x25000000)
   the space 349568K,  99% used [0x0faa0000, 0x24fffff0, 0x25000000, 0x25000000)
 Metaspace       used 23454K, capacity 24085K, committed 24192K, reserved 24960K
}
Event: 13253.507 GC heap before
{Heap before GC invocations=1897 (full 1570):
 def new generation   total 157248K, used 157247K [0x05000000, 0x0faa0000, 0x0faa0000)
  eden space 139776K, 100% used [0x05000000, 0x0d880000, 0x0d880000)
  from space 17472K,  99% used [0x0d880000, 0x0e98ff90, 0x0e990000)
  to   space 17472K,   0% used [0x0e990000, 0x0e990000, 0x0faa0000)
 tenured generation   total 349568K, used 349567K [0x0faa0000, 0x25000000, 0x25000000)
   the space 349568K,  99% used [0x0faa0000, 0x24fffff0, 0x25000000, 0x25000000)
 Metaspace       used 23454K, capacity 24085K, committed 24192K, reserved 24960K
Event: 13253.630 GC heap after
Heap after GC invocations=1898 (full 1571):
 def new generation   total 157248K, used 157239K [0x05000000, 0x0faa0000, 0x0faa0000)
  eden space 139776K,  99% used [0x05000000, 0x0d87f600, 0x0d880000)
  from space 17472K,  99% used [0x0d880000, 0x0e98e7c8, 0x0e990000)
  to   space 17472K,   0% used [0x0e990000, 0x0e990000, 0x0faa0000)
 tenured generation   total 349568K, used 349567K [0x0faa0000, 0x25000000, 0x25000000)
   the space 349568K,  99% used [0x0faa0000, 0x24fffff0, 0x25000000, 0x25000000)
 Metaspace       used 23454K, capacity 24085K, committed 24192K, reserved 24960K
}
Event: 13253.631 GC heap before
{Heap before GC invocations=1898 (full 1571):
 def new generation   total 157248K, used 157244K [0x05000000, 0x0faa0000, 0x0faa0000)
  eden space 139776K, 100% used [0x05000000, 0x0d880000, 0x0d880000)
  from space 17472K,  99% used [0x0d880000, 0x0e98f238, 0x0e990000)
  to   space 17472K,   0% used [0x0e990000, 0x0e990000, 0x0faa0000)
 tenured generation   total 349568K, used 349567K [0x0faa0000, 0x25000000, 0x25000000)
   the space 349568K,  99% used [0x0faa0000, 0x24fffff0, 0x25000000, 0x25000000)
 Metaspace       used 23454K, capacity 24085K, committed 24192K, reserved 24960K
Event: 13253.840 GC heap after
Heap after GC invocations=1899 (full 1572):
 def new generation   total 157248K, used 157240K [0x05000000, 0x0faa0000, 0x0faa0000)
  eden space 139776K,  99% used [0x05000000, 0x0d87f600, 0x0d880000)
  from space 17472K,  99% used [0x0d880000, 0x0e98ea90, 0x0e990000)
  to   space 17472K,   0% used [0x0e990000, 0x0e990000, 0x0faa0000)
 tenured generation   total 349568K, used 349555K [0x0faa0000, 0x25000000, 0x25000000)
   the space 349568K,  99% used [0x0faa0000, 0x24ffcce0, 0x24ffce00, 0x25000000)
 Metaspace       used 23454K, capacity 24085K, committed 24192K, reserved 24960K
}
Event: 13253.840 GC heap before
{Heap before GC invocations=1899 (full 1572):
 def new generation   total 157248K, used 157240K [0x05000000, 0x0faa0000, 0x0faa0000)
  eden space 139776K,  99% used [0x05000000, 0x0d87f600, 0x0d880000)
  from space 17472K,  99% used [0x0d880000, 0x0e98ea90, 0x0e990000)
  to   space 17472K,   0% used [0x0e990000, 0x0e990000, 0x0faa0000)
 tenured generation   total 349568K, used 349555K [0x0faa0000, 0x25000000, 0x25000000)
   the space 349568K,  99% used [0x0faa0000, 0x24ffcce0, 0x24ffce00, 0x25000000)
 Metaspace       used 23454K, capacity 24085K, committed 24192K, reserved 24960K
Event: 13253.947 GC heap after
Heap after GC invocations=1900 (full 1573):
 def new generation   total 157248K, used 157240K [0x05000000, 0x0faa0000, 0x0faa0000)
  eden space 139776K,  99% used [0x05000000, 0x0d87f600, 0x0d880000)
  from space 17472K,  99% used [0x0d880000, 0x0e98ea50, 0x0e990000)
  to   space 17472K,   0% used [0x0e990000, 0x0e990000, 0x0faa0000)
 tenured generation   total 349568K, used 349555K [0x0faa0000, 0x25000000, 0x25000000)
   the space 349568K,  99% used [0x0faa0000, 0x24ffcce0, 0x24ffce00, 0x25000000)
 Metaspace       used 23454K, capacity 24085K, committed 24192K, reserved 24960K
}

